<?xml version="1.0" encoding="UTF-8"?>
<!-- Generated by org.testng.reporters.JUnitXMLReporter -->
<testsuite ignored="0" hostname="ip-172-31-26-177" failures="0" tests="5" name="SmartBazzarSelenium" time="68.228" errors="0" timestamp="2026-01-16T05:16:26 UTC">
  <testcase classname="tests.GetProductPriceTest" name="searchProductAndPrintPrice" time="11.404"/>
  <testcase classname="tests.GetProductPriceTest" name="searchProductAndPrintPrice" time="12.27"/>
  <testcase classname="tests.GetProductPriceTest" name="searchProductAndPrintPrice" time="11.929"/>
  <testcase classname="tests.GetProductPriceTest" name="searchProductAndPrintPrice" time="11.609"/>
  <testcase classname="tests.GetProductPriceTest" name="searchProductAndPrintPrice" time="11.421"/>
</testsuite> <!-- SmartBazzarSelenium -->
