<?xml version="1.0" encoding="UTF-8"?>
<testsuite name="Search Tests"
           tests="5"
           failures="1"
           errors="0"
           skipped="0"
           time="82.743">
  <properties />
            <testcase name="searchProductAndPrintPrice" time="13.399" classname="tests.GetProductPriceTest">
                <failure type="java.lang.AssertionError"
                  message="expected [£15.90] but found [£15.99]"
              >
<![CDATA[java.lang.AssertionError: expected [£15.90] but found [£15.99]
  org.testng.Assert.fail(Assert.java:111)
  org.testng.Assert.failNotEquals(Assert.java:1590)
  org.testng.Assert.assertEqualsImpl(Assert.java:150)
  org.testng.Assert.assertEquals(Assert.java:132)
  org.testng.Assert.assertEquals(Assert.java:656)
  org.testng.Assert.assertEquals(Assert.java:666)
  tests.GetProductPriceTest.searchProductAndPrintPrice(GetProductPriceTest.java:24)
  java.base/jdk.internal.reflect.DirectMethodHandleAccessor.invoke(DirectMethodHandleAccessor.java:103)
  java.base/java.lang.reflect.Method.invoke(Method.java:580)
  org.testng.internal.invokers.MethodInvocationHelper.invokeMethod(MethodInvocationHelper.java:141)
  org.testng.internal.invokers.TestInvoker.invokeMethod(TestInvoker.java:687)
  org.testng.internal.invokers.TestInvoker.invokeTestMethod(TestInvoker.java:230)
  org.testng.internal.invokers.TestMethodWithDataProviderMethodWorker.call(TestMethodWithDataProviderMethodWorker.java:81)
  org.testng.internal.thread.Async$AsyncTask.run(Async.java:34)
  java.base/java.util.concurrent.ThreadPoolExecutor.runWorker(ThreadPoolExecutor.java:1144)
  java.base/java.util.concurrent.ThreadPoolExecutor$Worker.run(ThreadPoolExecutor.java:642)
  java.base/java.lang.Thread.run(Thread.java:1583)
]]>
      </failure>

          </testcase>
  
  
            <testcase name="searchProductAndPrintPrice" time="12.615" classname="tests.GetProductPriceTest" />
                <testcase name="searchProductAndPrintPrice" time="18.749" classname="tests.GetProductPriceTest" />
                <testcase name="searchProductAndPrintPrice" time="18.829" classname="tests.GetProductPriceTest" />
                <testcase name="searchProductAndPrintPrice" time="19.151" classname="tests.GetProductPriceTest" />
      
</testsuite>
