<?xml version="1.0" encoding="UTF-8"?>
<testng-results ignored="0" total="5" passed="5" failed="0" skipped="0">
  <reporter-output>
  </reporter-output>
  <suite started-at="2026-01-16T05:15:18 UTC" name="Default Suite" finished-at="2026-01-16T05:16:26 UTC" duration-ms="68228">
    <groups>
    </groups>
    <test started-at="2026-01-16T05:15:18 UTC" name="SmartBazzarSelenium" finished-at="2026-01-16T05:16:26 UTC" duration-ms="68228">
      <class name="tests.GetProductPriceTest">
        <test-method is-config="true" signature="setUp()[pri:0, instance:tests.GetProductPriceTest@7ec7ffd3]" started-at="2026-01-16T05:15:19 UTC" name="setUp" finished-at="2026-01-16T05:15:21 UTC" duration-ms="2151" status="PASS">
          <reporter-output>
          </reporter-output>
        </test-method> <!-- setUp -->
        <test-method signature="searchProductAndPrintPrice(java.lang.String,java.lang.String)[pri:0, instance:tests.GetProductPriceTest@7ec7ffd3]" started-at="2026-01-16T05:15:21 UTC" name="searchProductAndPrintPrice" data-provider="productData" finished-at="2026-01-16T05:15:33 UTC" duration-ms="11404" status="PASS">
          <params>
            <param index="0">
              <value>
                <![CDATA[rice]]>
              </value>
            </param>
            <param index="1">
              <value>
                <![CDATA[Telugu Foods Mamra/Pori/Puffed Rice (500g)]]>
              </value>
            </param>
          </params>
          <reporter-output>
          </reporter-output>
        </test-method> <!-- searchProductAndPrintPrice -->
        <test-method is-config="true" signature="tearDown()[pri:0, instance:tests.GetProductPriceTest@7ec7ffd3]" started-at="2026-01-16T05:15:33 UTC" name="tearDown" finished-at="2026-01-16T05:15:33 UTC" duration-ms="216" status="PASS">
          <reporter-output>
          </reporter-output>
        </test-method> <!-- tearDown -->
        <test-method is-config="true" signature="setUp()[pri:0, instance:tests.GetProductPriceTest@7ec7ffd3]" started-at="2026-01-16T05:15:33 UTC" name="setUp" finished-at="2026-01-16T05:15:34 UTC" duration-ms="1348" status="PASS">
          <reporter-output>
          </reporter-output>
        </test-method> <!-- setUp -->
        <test-method signature="searchProductAndPrintPrice(java.lang.String,java.lang.String)[pri:0, instance:tests.GetProductPriceTest@7ec7ffd3]" started-at="2026-01-16T05:15:34 UTC" name="searchProductAndPrintPrice" data-provider="productData" finished-at="2026-01-16T05:15:47 UTC" duration-ms="12270" status="PASS">
          <params>
            <param index="0">
              <value>
                <![CDATA[rice]]>
              </value>
            </param>
            <param index="1">
              <value>
                <![CDATA[Steel Pongal Pot Pack (White Rice)]]>
              </value>
            </param>
          </params>
          <reporter-output>
          </reporter-output>
        </test-method> <!-- searchProductAndPrintPrice -->
        <test-method is-config="true" signature="tearDown()[pri:0, instance:tests.GetProductPriceTest@7ec7ffd3]" started-at="2026-01-16T05:15:47 UTC" name="tearDown" finished-at="2026-01-16T05:15:47 UTC" duration-ms="217" status="PASS">
          <reporter-output>
          </reporter-output>
        </test-method> <!-- tearDown -->
        <test-method is-config="true" signature="setUp()[pri:0, instance:tests.GetProductPriceTest@7ec7ffd3]" started-at="2026-01-16T05:15:47 UTC" name="setUp" finished-at="2026-01-16T05:15:48 UTC" duration-ms="1355" status="PASS">
          <reporter-output>
          </reporter-output>
        </test-method> <!-- setUp -->
        <test-method signature="searchProductAndPrintPrice(java.lang.String,java.lang.String)[pri:0, instance:tests.GetProductPriceTest@7ec7ffd3]" started-at="2026-01-16T05:15:48 UTC" name="searchProductAndPrintPrice" data-provider="productData" finished-at="2026-01-16T05:16:00 UTC" duration-ms="11929" status="PASS">
          <params>
            <param index="0">
              <value>
                <![CDATA[rice]]>
              </value>
            </param>
            <param index="1">
              <value>
                <![CDATA[Niru White Raw Rice (1kg)]]>
              </value>
            </param>
          </params>
          <reporter-output>
          </reporter-output>
        </test-method> <!-- searchProductAndPrintPrice -->
        <test-method is-config="true" signature="tearDown()[pri:0, instance:tests.GetProductPriceTest@7ec7ffd3]" started-at="2026-01-16T05:16:00 UTC" name="tearDown" finished-at="2026-01-16T05:16:00 UTC" duration-ms="217" status="PASS">
          <reporter-output>
          </reporter-output>
        </test-method> <!-- tearDown -->
        <test-method is-config="true" signature="setUp()[pri:0, instance:tests.GetProductPriceTest@7ec7ffd3]" started-at="2026-01-16T05:16:00 UTC" name="setUp" finished-at="2026-01-16T05:16:02 UTC" duration-ms="1327" status="PASS">
          <reporter-output>
          </reporter-output>
        </test-method> <!-- setUp -->
        <test-method signature="searchProductAndPrintPrice(java.lang.String,java.lang.String)[pri:0, instance:tests.GetProductPriceTest@7ec7ffd3]" started-at="2026-01-16T05:16:02 UTC" name="searchProductAndPrintPrice" data-provider="productData" finished-at="2026-01-16T05:16:13 UTC" duration-ms="11609" status="PASS">
          <params>
            <param index="0">
              <value>
                <![CDATA[rice]]>
              </value>
            </param>
            <param index="1">
              <value>
                <![CDATA[Rigel Spices Ponni Boiled Rice (10kg)]]>
              </value>
            </param>
          </params>
          <reporter-output>
          </reporter-output>
        </test-method> <!-- searchProductAndPrintPrice -->
        <test-method is-config="true" signature="tearDown()[pri:0, instance:tests.GetProductPriceTest@7ec7ffd3]" started-at="2026-01-16T05:16:13 UTC" name="tearDown" finished-at="2026-01-16T05:16:13 UTC" duration-ms="202" status="PASS">
          <reporter-output>
          </reporter-output>
        </test-method> <!-- tearDown -->
        <test-method is-config="true" signature="setUp()[pri:0, instance:tests.GetProductPriceTest@7ec7ffd3]" started-at="2026-01-16T05:16:13 UTC" name="setUp" finished-at="2026-01-16T05:16:15 UTC" duration-ms="1346" status="PASS">
          <reporter-output>
          </reporter-output>
        </test-method> <!-- setUp -->
        <test-method signature="searchProductAndPrintPrice(java.lang.String,java.lang.String)[pri:0, instance:tests.GetProductPriceTest@7ec7ffd3]" started-at="2026-01-16T05:16:15 UTC" name="searchProductAndPrintPrice" data-provider="productData" finished-at="2026-01-16T05:16:26 UTC" duration-ms="11421" status="PASS">
          <params>
            <param index="0">
              <value>
                <![CDATA[rice]]>
              </value>
            </param>
            <param index="1">
              <value>
                <![CDATA[Shree Krishna Idly Rice (10kg)]]>
              </value>
            </param>
          </params>
          <reporter-output>
          </reporter-output>
        </test-method> <!-- searchProductAndPrintPrice -->
        <test-method is-config="true" signature="tearDown()[pri:0, instance:tests.GetProductPriceTest@7ec7ffd3]" started-at="2026-01-16T05:16:26 UTC" name="tearDown" finished-at="2026-01-16T05:16:26 UTC" duration-ms="170" status="PASS">
          <reporter-output>
          </reporter-output>
        </test-method> <!-- tearDown -->
      </class> <!-- tests.GetProductPriceTest -->
    </test> <!-- SmartBazzarSelenium -->
  </suite> <!-- Default Suite -->
</testng-results>
