<?xml version="1.0" encoding="UTF-8"?>
<!-- Generated by org.testng.reporters.JUnitReportReporter -->
<testsuite hostname="ip-172-31-26-177" failures="0" tests="5" name="tests.GetProductPriceTest" time="67.182" errors="0" timestamp="2026-01-16T05:16:27 UTC" skipped="0">
  <testcase classname="tests.GetProductPriceTest" name="searchProductAndPrintPrice" time="12.920"/>
  <testcase classname="tests.GetProductPriceTest" name="searchProductAndPrintPrice" time="14.282"/>
  <testcase classname="tests.GetProductPriceTest" name="searchProductAndPrintPrice" time="13.814"/>
  <testcase classname="tests.GetProductPriceTest" name="searchProductAndPrintPrice" time="13.173"/>
  <testcase classname="tests.GetProductPriceTest" name="searchProductAndPrintPrice" time="12.993"/>
</testsuite> <!-- tests.GetProductPriceTest -->
